<?xml version="1.0" encoding="UTF-8"?>
<!-- Generated by org.testng.reporters.JUnitReportReporter -->
<testsuite hostname="Preetams-MacBook-Air.local" failures="0" tests="3" name="resAssuredPackage.DynamicJson" time="4.307" errors="0" timestamp="2021-07-09T16:07:48 IST" skipped="0">
  <testcase classname="resAssuredPackage.DynamicJson" name="Book" time="0.402"/>
  <system-out/>
  <testcase classname="resAssuredPackage.DynamicJson" name="Book" time="0.373"/>
  <system-out/>
  <testcase classname="resAssuredPackage.DynamicJson" name="Book" time="3.532"/>
  <system-out/>
</testsuite> <!-- resAssuredPackage.DynamicJson -->
