<?xml version="1.0" encoding="UTF-8"?>
<!-- Generated by org.testng.reporters.JUnitReportReporter -->
<testsuite hostname="Preetams-MacBook-Air.local" failures="0" tests="6" name="resAssuredPackage.complexJsonParse" time="2.025" errors="0" timestamp="2021-07-06T20:30:25 IST" skipped="0">
  <testcase classname="resAssuredPackage.complexJsonParse" name="courseNumber" time="1.548"/>
  <system-out/>
  <testcase classname="resAssuredPackage.complexJsonParse" name="purchaseAmount" time="0.030"/>
  <system-out/>
  <testcase classname="resAssuredPackage.complexJsonParse" name="firstCouseTitle" time="0.093"/>
  <system-out/>
  <testcase classname="resAssuredPackage.complexJsonParse" name="coursePrices" time="0.077"/>
  <system-out/>
  <testcase classname="resAssuredPackage.complexJsonParse" name="noOfCourseSoldByRPA" time="0.117"/>
  <system-out/>
  <testcase classname="resAssuredPackage.complexJsonParse" name="verifyPurchaseAmountandTotalPurchase" time="0.160"/>
  <system-out/>
</testsuite> <!-- resAssuredPackage.complexJsonParse -->
